<?xml version="1.0" encoding="UTF-8"?>
<!-- Generated by org.testng.reporters.JUnitReportReporter -->
<testsuite hostname="LAPTOP-DKDIBLMT" failures="0" tests="2" name="com.googledocs.qa.testcases.GoogledocsFirstPageTest" time="29.600" errors="0" timestamp="18 May 2018 05:20:08 GMT">
  <testcase classname="com.googledocs.qa.testcases.GoogledocsFirstPageTest" name="verifyTextUnderEventsTest" time="12.314"/>
  <testcase classname="com.googledocs.qa.testcases.GoogledocsFirstPageTest" name="verifyclickOnGoogleCloudLinkTest" time="17.286"/>
</testsuite> <!-- com.googledocs.qa.testcases.GoogledocsFirstPageTest -->
