<?xml version="1.0" encoding="UTF-8"?>
<!-- Generated by org.testng.reporters.JUnitReportReporter -->
<testsuite hostname="LAPTOP-DKDIBLMT" failures="0" tests="3" name="com.googledocs.qa.testcases.GoogleCloudPageTest" time="69.997" errors="0" timestamp="18 May 2018 05:20:08 GMT">
  <testcase classname="com.googledocs.qa.testcases.GoogleCloudPageTest" name="verifyclickOnGetUpdatesButton" time="22.957"/>
  <testcase classname="com.googledocs.qa.testcases.GoogleCloudPageTest" name="getUpdatesforUserTest" time="24.274"/>
  <testcase classname="com.googledocs.qa.testcases.GoogleCloudPageTest" name="verifyHear3TextTest" time="22.766"/>
</testsuite> <!-- com.googledocs.qa.testcases.GoogleCloudPageTest -->
